20260310	21:37:16	d05c87db-cd73-43d4-bce3-b02520813932	not found /api/v1/listing/fetch
20260310	21:37:16	292fc6ae-8fa8-41f3-96cc-2d297b10fdb5	not found /api/v1/listing/fetch
20260310	21:38:42	9768c985-d405-4b0d-a83f-bb7aed54d197	not found /api/v1/listing/fetch
20260310	21:38:43	adc9ed58-1e11-4369-9f2e-2e7eafbc77b3	not found /api/v1/listing/fetch
20260310	21:39:40	7ddd5b99-de52-4505-a582-fd7f75432f55	not found /api/v1/listing/fetch
20260310	21:39:40	b4b844aa-fb0e-4aa0-91ae-bec0027cfad0	not found /api/v1/listing/fetch
20260311	00:50:53	68a0dba0-6e46-4165-81ea-23b3854cb6d8	not found /api/v1/listing/update
20260311	00:51:01	68592644-cf69-4687-998e-c914c803b27f	not found /api/v1/listing/update
20260311	00:51:29	84c8875c-eebc-47b9-a8f6-7f54f76f08a7	not found /api/v1/listing/update
20260311	00:51:57	eb17f886-a21b-46ac-b974-a308bc9f4c60	not found /api/v1/listing/update
20260311	00:59:04	ff784b2d-39a0-4220-a1ff-f784541debd5	not found /api/v1/listing/update
20260311	01:00:18	c605229d-4fb6-4d65-b323-7add1d6d5360	not found /api/v1/listing/update
20260311	01:00:22	43351742-a145-45be-804d-65e66e0a27ed	not found /api/v1/listing/update
20260311	01:00:23	bbcea411-ba5d-4db9-a9a0-5f179b8d9485	not found /api/v1/listing/update
20260311	01:01:01	0fd02a81-5753-4b6b-b3c5-3be1c3c87255	not found /api/v1/listing/update
20260311	01:01:20	a0cc0723-88a1-4db0-bd4f-05ee221d9b9c	not found /api/v1/listing/update
20260311	01:01:34	d3664384-d25a-4d2c-b04a-48cedd0b88e4	not found /api/v1/listing/update
20260311	01:01:50	e0ecaf7f-3780-4039-b2d1-b9ba5b8e5fbd	not found /api/v1/listing/update
20260311	01:04:31	4b5617a8-1654-4b54-9575-2a16dcbacef3	not found /api/v1/listing/update
20260311	01:08:37	8a1873cd-c2ae-4788-b065-535a2655da55	req is not defined
20260311	01:09:42	7decbd17-3b1d-495b-93d0-9a29c89d9a6c	req is not defined
20260311	01:09:59	35198a27-4342-4081-a51e-fb5bbf8c03cf	req is not defined
20260311	01:10:46	c882aa5f-3d97-47cf-a107-55ca1864a247	req is not defined
20260311	03:15:03	ff3c4d5c-1b1b-4045-969d-9ebec9e2ea13	not found /api/v1/listing/imageUpload
20260311	04:41:17	8e30b71b-cf1d-4822-ad03-86ff14663a7c	Cannot destructure property 'id' of 'req.body' as it is undefined.
20260311	04:41:39	3b394679-c497-4490-a98b-630968b97100	Cannot destructure property 'id' of 'req.body' as it is undefined.
20260311	12:54:20	7971d158-f9c5-46a2-aac6-9e8f3ff45911	Cannot read properties of undefined (reading 'user')
20260311	12:54:20	d53d2665-60da-462e-97e6-924224b272d8	Cannot read properties of undefined (reading 'user')
